{"total": {"lines":{"total":3526,"covered":305,"skipped":0,"pct":8.65},"statements":{"total":5587,"covered":306,"skipped":0,"pct":5.48},"functions":{"total":1743,"covered":116,"skipped":0,"pct":6.66},"branches":{"total":5726,"covered":78,"skipped":0,"pct":1.36}}
,"/home/user/GeometryLabs/icon-tracker-frontend/src/App.js": {"lines":{"total":1,"covered":1,"skipped":0,"pct":100},"functions":{"total":1,"covered":1,"skipped":0,"pct":100},"statements":{"total":1,"covered":1,"skipped":0,"pct":100},"branches":{"total":0,"covered":0,"skipped":0,"pct":100}}
,"/home/user/GeometryLabs/icon-tracker-frontend/src/Routes.js": {"lines":{"total":8,"covered":7,"skipped":0,"pct":87.5},"functions":{"total":3,"covered":3,"skipped":0,"pct":100},"statements":{"total":8,"covered":7,"skipped":0,"pct":87.5},"branches":{"total":6,"covered":2,"skipped":0,"pct":33.33}}
,"/home/user/GeometryLabs/icon-tracker-frontend/src/index.js": {"lines":{"total":10,"covered":0,"skipped":0,"pct":0},"functions":{"total":0,"covered":0,"skipped":0,"pct":100},"statements":{"total":10,"covered":0,"skipped":0,"pct":0},"branches":{"total":0,"covered":0,"skipped":0,"pct":100}}
,"/home/user/GeometryLabs/icon-tracker-frontend/src/HOC/withClickOut.js": {"lines":{"total":8,"covered":2,"skipped":0,"pct":25},"functions":{"total":5,"covered":1,"skipped":0,"pct":20},"statements":{"total":8,"covered":2,"skipped":0,"pct":25},"branches":{"total":4,"covered":0,"skipped":0,"pct":0}}
,"/home/user/GeometryLabs/icon-tracker-frontend/src/components/index.js": {"lines":{"total":0,"covered":0,"skipped":0,"pct":100},"functions":{"total":0,"covered":0,"skipped":0,"pct":100},"statements":{"total":0,"covered":0,"skipped":0,"pct":100},"branches":{"total":0,"covered":0,"skipped":0,"pct":100}}
,"/home/user/GeometryLabs/icon-tracker-frontend/src/components/AddressesPage/AddressDetailPage/AddressInfo.js": {"lines":{"total":70,"covered":1,"skipped":0,"pct":1.43},"functions":{"total":22,"covered":0,"skipped":0,"pct":0},"statements":{"total":71,"covered":1,"skipped":0,"pct":1.41},"branches":{"total":100,"covered":0,"skipped":0,"pct":0}}
,"/home/user/GeometryLabs/icon-tracker-frontend/src/components/AddressesPage/AddressDetailPage/index.js": {"lines":{"total":41,"covered":0,"skipped":0,"pct":0},"functions":{"total":10,"covered":0,"skipped":0,"pct":0},"statements":{"total":42,"covered":0,"skipped":0,"pct":0},"branches":{"total":16,"covered":0,"skipped":0,"pct":0}}
,"/home/user/GeometryLabs/icon-tracker-frontend/src/components/AddressesPage/AddressDetailPage/AddressTabs/AddressDelegation.js": {"lines":{"total":1,"covered":0,"skipped":0,"pct":0},"functions":{"total":1,"covered":0,"skipped":0,"pct":0},"statements":{"total":1,"covered":0,"skipped":0,"pct":0},"branches":{"total":0,"covered":0,"skipped":0,"pct":100}}
,"/home/user/GeometryLabs/icon-tracker-frontend/src/components/AddressesPage/AddressDetailPage/AddressTabs/AddressInternalTransactions.js": {"lines":{"total":1,"covered":0,"skipped":0,"pct":0},"functions":{"total":1,"covered":0,"skipped":0,"pct":0},"statements":{"total":1,"covered":0,"skipped":0,"pct":0},"branches":{"total":0,"covered":0,"skipped":0,"pct":100}}
,"/home/user/GeometryLabs/icon-tracker-frontend/src/components/AddressesPage/AddressDetailPage/AddressTabs/AddressReward.js": {"lines":{"total":1,"covered":0,"skipped":0,"pct":0},"functions":{"total":1,"covered":0,"skipped":0,"pct":0},"statements":{"total":1,"covered":0,"skipped":0,"pct":0},"branches":{"total":0,"covered":0,"skipped":0,"pct":100}}
,"/home/user/GeometryLabs/icon-tracker-frontend/src/components/AddressesPage/AddressDetailPage/AddressTabs/AddressTokenTransfers.js": {"lines":{"total":1,"covered":0,"skipped":0,"pct":0},"functions":{"total":1,"covered":0,"skipped":0,"pct":0},"statements":{"total":1,"covered":0,"skipped":0,"pct":0},"branches":{"total":0,"covered":0,"skipped":0,"pct":100}}
,"/home/user/GeometryLabs/icon-tracker-frontend/src/components/AddressesPage/AddressDetailPage/AddressTabs/AddressTransactions.js": {"lines":{"total":1,"covered":0,"skipped":0,"pct":0},"functions":{"total":1,"covered":0,"skipped":0,"pct":0},"statements":{"total":1,"covered":0,"skipped":0,"pct":0},"branches":{"total":0,"covered":0,"skipped":0,"pct":100}}
,"/home/user/GeometryLabs/icon-tracker-frontend/src/components/AddressesPage/AddressDetailPage/AddressTabs/AddressVoted.js": {"lines":{"total":1,"covered":0,"skipped":0,"pct":0},"functions":{"total":1,"covered":0,"skipped":0,"pct":0},"statements":{"total":1,"covered":0,"skipped":0,"pct":0},"branches":{"total":0,"covered":0,"skipped":0,"pct":100}}
,"/home/user/GeometryLabs/icon-tracker-frontend/src/components/AddressesPage/AddressDetailPage/AddressTabs/index.js": {"lines":{"total":31,"covered":0,"skipped":0,"pct":0},"functions":{"total":7,"covered":0,"skipped":0,"pct":0},"statements":{"total":31,"covered":0,"skipped":0,"pct":0},"branches":{"total":23,"covered":0,"skipped":0,"pct":0}}
,"/home/user/GeometryLabs/icon-tracker-frontend/src/components/AddressesPage/AddressListPage/index.js": {"lines":{"total":1,"covered":0,"skipped":0,"pct":0},"functions":{"total":1,"covered":0,"skipped":0,"pct":0},"statements":{"total":1,"covered":0,"skipped":0,"pct":0},"branches":{"total":0,"covered":0,"skipped":0,"pct":100}}
,"/home/user/GeometryLabs/icon-tracker-frontend/src/components/Banner/Banner.js": {"lines":{"total":22,"covered":0,"skipped":0,"pct":0},"functions":{"total":9,"covered":0,"skipped":0,"pct":0},"statements":{"total":22,"covered":0,"skipped":0,"pct":0},"branches":{"total":10,"covered":0,"skipped":0,"pct":0}}
,"/home/user/GeometryLabs/icon-tracker-frontend/src/components/BlocksPage/BlockDetailPage/BlockInfo.js": {"lines":{"total":27,"covered":0,"skipped":0,"pct":0},"functions":{"total":5,"covered":0,"skipped":0,"pct":0},"statements":{"total":28,"covered":0,"skipped":0,"pct":0},"branches":{"total":20,"covered":0,"skipped":0,"pct":0}}
,"/home/user/GeometryLabs/icon-tracker-frontend/src/components/BlocksPage/BlockDetailPage/index.js": {"lines":{"total":5,"covered":0,"skipped":0,"pct":0},"functions":{"total":3,"covered":0,"skipped":0,"pct":0},"statements":{"total":5,"covered":0,"skipped":0,"pct":0},"branches":{"total":0,"covered":0,"skipped":0,"pct":100}}
,"/home/user/GeometryLabs/icon-tracker-frontend/src/components/BlocksPage/BlockDetailPage/BlockTabs/BlockTransactions.js": {"lines":{"total":2,"covered":0,"skipped":0,"pct":0},"functions":{"total":1,"covered":0,"skipped":0,"pct":0},"statements":{"total":2,"covered":0,"skipped":0,"pct":0},"branches":{"total":0,"covered":0,"skipped":0,"pct":100}}
,"/home/user/GeometryLabs/icon-tracker-frontend/src/components/BlocksPage/BlockDetailPage/BlockTabs/index.js": {"lines":{"total":10,"covered":0,"skipped":0,"pct":0},"functions":{"total":3,"covered":0,"skipped":0,"pct":0},"statements":{"total":10,"covered":0,"skipped":0,"pct":0},"branches":{"total":2,"covered":0,"skipped":0,"pct":0}}
,"/home/user/GeometryLabs/icon-tracker-frontend/src/components/BlocksPage/BlockListPage/index.js": {"lines":{"total":1,"covered":0,"skipped":0,"pct":0},"functions":{"total":1,"covered":0,"skipped":0,"pct":0},"statements":{"total":1,"covered":0,"skipped":0,"pct":0},"branches":{"total":0,"covered":0,"skipped":0,"pct":100}}
,"/home/user/GeometryLabs/icon-tracker-frontend/src/components/CommonComponent/AddressCell.js": {"lines":{"total":46,"covered":0,"skipped":0,"pct":0},"functions":{"total":7,"covered":0,"skipped":0,"pct":0},"statements":{"total":46,"covered":0,"skipped":0,"pct":0},"branches":{"total":34,"covered":0,"skipped":0,"pct":0}}
,"/home/user/GeometryLabs/icon-tracker-frontend/src/components/CommonComponent/AddressSet.js": {"lines":{"total":11,"covered":2,"skipped":0,"pct":18.18},"functions":{"total":2,"covered":0,"skipped":0,"pct":0},"statements":{"total":11,"covered":2,"skipped":0,"pct":18.18},"branches":{"total":6,"covered":0,"skipped":0,"pct":0}}
,"/home/user/GeometryLabs/icon-tracker-frontend/src/components/CommonComponent/AmountCell.js": {"lines":{"total":4,"covered":1,"skipped":0,"pct":25},"functions":{"total":1,"covered":0,"skipped":0,"pct":0},"statements":{"total":4,"covered":1,"skipped":0,"pct":25},"branches":{"total":13,"covered":0,"skipped":0,"pct":0}}
,"/home/user/GeometryLabs/icon-tracker-frontend/src/components/CommonComponent/CopyButton.js": {"lines":{"total":26,"covered":0,"skipped":0,"pct":0},"functions":{"total":7,"covered":0,"skipped":0,"pct":0},"statements":{"total":26,"covered":0,"skipped":0,"pct":0},"branches":{"total":18,"covered":0,"skipped":0,"pct":0}}
,"/home/user/GeometryLabs/icon-tracker-frontend/src/components/CommonComponent/LinkButton.js": {"lines":{"total":17,"covered":1,"skipped":0,"pct":5.88},"functions":{"total":4,"covered":0,"skipped":0,"pct":0},"statements":{"total":17,"covered":1,"skipped":0,"pct":5.88},"branches":{"total":4,"covered":0,"skipped":0,"pct":0}}
,"/home/user/GeometryLabs/icon-tracker-frontend/src/components/CommonComponent/LoadingComponent.js": {"lines":{"total":11,"covered":1,"skipped":0,"pct":9.09},"functions":{"total":4,"covered":0,"skipped":0,"pct":0},"statements":{"total":11,"covered":1,"skipped":0,"pct":9.09},"branches":{"total":4,"covered":0,"skipped":0,"pct":0}}
,"/home/user/GeometryLabs/icon-tracker-frontend/src/components/CommonComponent/NoBox.js": {"lines":{"total":2,"covered":1,"skipped":0,"pct":50},"functions":{"total":1,"covered":0,"skipped":0,"pct":0},"statements":{"total":2,"covered":1,"skipped":0,"pct":50},"branches":{"total":0,"covered":0,"skipped":0,"pct":100}}
,"/home/user/GeometryLabs/icon-tracker-frontend/src/components/CommonComponent/Pagination.js": {"lines":{"total":36,"covered":0,"skipped":0,"pct":0},"functions":{"total":10,"covered":0,"skipped":0,"pct":0},"statements":{"total":41,"covered":0,"skipped":0,"pct":0},"branches":{"total":33,"covered":0,"skipped":0,"pct":0}}
,"/home/user/GeometryLabs/icon-tracker-frontend/src/components/CommonComponent/ReportButton.js": {"lines":{"total":7,"covered":0,"skipped":0,"pct":0},"functions":{"total":5,"covered":0,"skipped":0,"pct":0},"statements":{"total":7,"covered":0,"skipped":0,"pct":0},"branches":{"total":2,"covered":0,"skipped":0,"pct":0}}
,"/home/user/GeometryLabs/icon-tracker-frontend/src/components/CommonComponent/SearchInput.js": {"lines":{"total":25,"covered":0,"skipped":0,"pct":0},"functions":{"total":9,"covered":0,"skipped":0,"pct":0},"statements":{"total":25,"covered":0,"skipped":0,"pct":0},"branches":{"total":12,"covered":0,"skipped":0,"pct":0}}
,"/home/user/GeometryLabs/icon-tracker-frontend/src/components/CommonComponent/SortHolder.js": {"lines":{"total":4,"covered":0,"skipped":0,"pct":0},"functions":{"total":5,"covered":0,"skipped":0,"pct":0},"statements":{"total":5,"covered":0,"skipped":0,"pct":0},"branches":{"total":0,"covered":0,"skipped":0,"pct":100}}
,"/home/user/GeometryLabs/icon-tracker-frontend/src/components/CommonComponent/StatusHolder.js": {"lines":{"total":3,"covered":0,"skipped":0,"pct":0},"functions":{"total":4,"covered":0,"skipped":0,"pct":0},"statements":{"total":4,"covered":0,"skipped":0,"pct":0},"branches":{"total":2,"covered":0,"skipped":0,"pct":0}}
,"/home/user/GeometryLabs/icon-tracker-frontend/src/components/CommonComponent/TabTable.js": {"lines":{"total":10,"covered":0,"skipped":0,"pct":0},"functions":{"total":7,"covered":0,"skipped":0,"pct":0},"statements":{"total":11,"covered":0,"skipped":0,"pct":0},"branches":{"total":4,"covered":0,"skipped":0,"pct":0}}
,"/home/user/GeometryLabs/icon-tracker-frontend/src/components/CommonComponent/Link/AddressLink.js": {"lines":{"total":2,"covered":1,"skipped":0,"pct":50},"functions":{"total":1,"covered":0,"skipped":0,"pct":0},"statements":{"total":2,"covered":1,"skipped":0,"pct":50},"branches":{"total":2,"covered":0,"skipped":0,"pct":0}}
,"/home/user/GeometryLabs/icon-tracker-frontend/src/components/CommonComponent/Link/BlockLink.js": {"lines":{"total":2,"covered":2,"skipped":0,"pct":100},"functions":{"total":1,"covered":1,"skipped":0,"pct":100},"statements":{"total":2,"covered":2,"skipped":0,"pct":100},"branches":{"total":2,"covered":1,"skipped":0,"pct":50}}
,"/home/user/GeometryLabs/icon-tracker-frontend/src/components/CommonComponent/Link/LinkCell.js": {"lines":{"total":3,"covered":2,"skipped":0,"pct":66.67},"functions":{"total":2,"covered":1,"skipped":0,"pct":50},"statements":{"total":4,"covered":2,"skipped":0,"pct":50},"branches":{"total":4,"covered":2,"skipped":0,"pct":50}}
,"/home/user/GeometryLabs/icon-tracker-frontend/src/components/CommonComponent/Link/TokenLink.js": {"lines":{"total":2,"covered":1,"skipped":0,"pct":50},"functions":{"total":1,"covered":0,"skipped":0,"pct":0},"statements":{"total":2,"covered":1,"skipped":0,"pct":50},"branches":{"total":0,"covered":0,"skipped":0,"pct":100}}
,"/home/user/GeometryLabs/icon-tracker-frontend/src/components/CommonComponent/Link/TransactionLink.js": {"lines":{"total":2,"covered":2,"skipped":0,"pct":100},"functions":{"total":1,"covered":1,"skipped":0,"pct":100},"statements":{"total":2,"covered":2,"skipped":0,"pct":100},"branches":{"total":0,"covered":0,"skipped":0,"pct":100}}
,"/home/user/GeometryLabs/icon-tracker-frontend/src/components/CommonComponent/QrCode/QrCodeButton.js": {"lines":{"total":6,"covered":0,"skipped":0,"pct":0},"functions":{"total":5,"covered":0,"skipped":0,"pct":0},"statements":{"total":6,"covered":0,"skipped":0,"pct":0},"branches":{"total":0,"covered":0,"skipped":0,"pct":100}}
,"/home/user/GeometryLabs/icon-tracker-frontend/src/components/CommonComponent/QrCode/QrCodeComponent.js": {"lines":{"total":8,"covered":1,"skipped":0,"pct":12.5},"functions":{"total":4,"covered":0,"skipped":0,"pct":0},"statements":{"total":9,"covered":1,"skipped":0,"pct":11.11},"branches":{"total":6,"covered":0,"skipped":0,"pct":0}}
,"/home/user/GeometryLabs/icon-tracker-frontend/src/components/CommonComponent/TxBottom/TxBottomComponent.js": {"lines":{"total":14,"covered":0,"skipped":0,"pct":0},"functions":{"total":3,"covered":0,"skipped":0,"pct":0},"statements":{"total":14,"covered":0,"skipped":0,"pct":0},"branches":{"total":8,"covered":0,"skipped":0,"pct":0}}
,"/home/user/GeometryLabs/icon-tracker-frontend/src/components/CommonComponent/TxBottom/TxBottomTitle.js": {"lines":{"total":29,"covered":0,"skipped":0,"pct":0},"functions":{"total":2,"covered":0,"skipped":0,"pct":0},"statements":{"total":29,"covered":0,"skipped":0,"pct":0},"branches":{"total":25,"covered":0,"skipped":0,"pct":0}}
,"/home/user/GeometryLabs/icon-tracker-frontend/src/components/CommonComponent/TxBottom/index.js": {"lines":{"total":5,"covered":0,"skipped":0,"pct":0},"functions":{"total":1,"covered":0,"skipped":0,"pct":0},"statements":{"total":5,"covered":0,"skipped":0,"pct":0},"branches":{"total":4,"covered":0,"skipped":0,"pct":0}}
,"/home/user/GeometryLabs/icon-tracker-frontend/src/components/CommonPage/DetailPage.js": {"lines":{"total":39,"covered":0,"skipped":0,"pct":0},"functions":{"total":10,"covered":0,"skipped":0,"pct":0},"statements":{"total":39,"covered":0,"skipped":0,"pct":0},"branches":{"total":24,"covered":0,"skipped":0,"pct":0}}
,"/home/user/GeometryLabs/icon-tracker-frontend/src/components/CommonPage/NotFoundPage.js": {"lines":{"total":6,"covered":0,"skipped":0,"pct":0},"functions":{"total":4,"covered":0,"skipped":0,"pct":0},"statements":{"total":6,"covered":0,"skipped":0,"pct":0},"branches":{"total":6,"covered":0,"skipped":0,"pct":0}}
,"/home/user/GeometryLabs/icon-tracker-frontend/src/components/CommonPage/PendingPage.js": {"lines":{"total":2,"covered":0,"skipped":0,"pct":0},"functions":{"total":1,"covered":0,"skipped":0,"pct":0},"statements":{"total":2,"covered":0,"skipped":0,"pct":0},"branches":{"total":0,"covered":0,"skipped":0,"pct":100}}
,"/home/user/GeometryLabs/icon-tracker-frontend/src/components/CommonPage/SearchPage/SearchTableBody.js": {"lines":{"total":13,"covered":0,"skipped":0,"pct":0},"functions":{"total":2,"covered":0,"skipped":0,"pct":0},"statements":{"total":13,"covered":0,"skipped":0,"pct":0},"branches":{"total":29,"covered":0,"skipped":0,"pct":0}}
,"/home/user/GeometryLabs/icon-tracker-frontend/src/components/CommonPage/SearchPage/SearchTableDesc.js": {"lines":{"total":9,"covered":0,"skipped":0,"pct":0},"functions":{"total":2,"covered":0,"skipped":0,"pct":0},"statements":{"total":9,"covered":0,"skipped":0,"pct":0},"branches":{"total":7,"covered":0,"skipped":0,"pct":0}}
,"/home/user/GeometryLabs/icon-tracker-frontend/src/components/CommonPage/SearchPage/SearchTableHead.js": {"lines":{"total":7,"covered":0,"skipped":0,"pct":0},"functions":{"total":2,"covered":0,"skipped":0,"pct":0},"statements":{"total":7,"covered":0,"skipped":0,"pct":0},"branches":{"total":3,"covered":0,"skipped":0,"pct":0}}
,"/home/user/GeometryLabs/icon-tracker-frontend/src/components/CommonPage/SearchPage/index.js": {"lines":{"total":96,"covered":0,"skipped":0,"pct":0},"functions":{"total":29,"covered":0,"skipped":0,"pct":0},"statements":{"total":97,"covered":0,"skipped":0,"pct":0},"branches":{"total":72,"covered":0,"skipped":0,"pct":0}}
,"/home/user/GeometryLabs/icon-tracker-frontend/src/components/CommonPage/TxPage/TxPageTitle.js": {"lines":{"total":26,"covered":0,"skipped":0,"pct":0},"functions":{"total":2,"covered":0,"skipped":0,"pct":0},"statements":{"total":26,"covered":0,"skipped":0,"pct":0},"branches":{"total":23,"covered":0,"skipped":0,"pct":0}}
,"/home/user/GeometryLabs/icon-tracker-frontend/src/components/CommonPage/TxPage/TxTableBody.js": {"lines":{"total":54,"covered":4,"skipped":0,"pct":7.41},"functions":{"total":9,"covered":0,"skipped":0,"pct":0},"statements":{"total":54,"covered":4,"skipped":0,"pct":7.41},"branches":{"total":63,"covered":0,"skipped":0,"pct":0}}
,"/home/user/GeometryLabs/icon-tracker-frontend/src/components/CommonPage/TxPage/TxTableHead.js": {"lines":{"total":24,"covered":0,"skipped":0,"pct":0},"functions":{"total":2,"covered":0,"skipped":0,"pct":0},"statements":{"total":24,"covered":0,"skipped":0,"pct":0},"branches":{"total":20,"covered":0,"skipped":0,"pct":0}}
,"/home/user/GeometryLabs/icon-tracker-frontend/src/components/CommonPage/TxPage/index.js": {"lines":{"total":89,"covered":0,"skipped":0,"pct":0},"functions":{"total":21,"covered":0,"skipped":0,"pct":0},"statements":{"total":89,"covered":0,"skipped":0,"pct":0},"branches":{"total":110,"covered":0,"skipped":0,"pct":0}}
,"/home/user/GeometryLabs/icon-tracker-frontend/src/components/ContractsPage/ContractDetailPage/ContractInfo.js": {"lines":{"total":29,"covered":0,"skipped":0,"pct":0},"functions":{"total":14,"covered":0,"skipped":0,"pct":0},"statements":{"total":29,"covered":0,"skipped":0,"pct":0},"branches":{"total":18,"covered":0,"skipped":0,"pct":0}}
,"/home/user/GeometryLabs/icon-tracker-frontend/src/components/ContractsPage/ContractDetailPage/index.js": {"lines":{"total":10,"covered":0,"skipped":0,"pct":0},"functions":{"total":8,"covered":0,"skipped":0,"pct":0},"statements":{"total":10,"covered":0,"skipped":0,"pct":0},"branches":{"total":0,"covered":0,"skipped":0,"pct":100}}
,"/home/user/GeometryLabs/icon-tracker-frontend/src/components/ContractsPage/ContractDetailPage/ContractTabs/ContractCode.js": {"lines":{"total":31,"covered":1,"skipped":0,"pct":3.23},"functions":{"total":6,"covered":0,"skipped":0,"pct":0},"statements":{"total":31,"covered":1,"skipped":0,"pct":3.23},"branches":{"total":6,"covered":0,"skipped":0,"pct":0}}
,"/home/user/GeometryLabs/icon-tracker-frontend/src/components/ContractsPage/ContractDetailPage/ContractTabs/ContractEvents.js": {"lines":{"total":1,"covered":0,"skipped":0,"pct":0},"functions":{"total":1,"covered":0,"skipped":0,"pct":0},"statements":{"total":1,"covered":0,"skipped":0,"pct":0},"branches":{"total":0,"covered":0,"skipped":0,"pct":100}}
,"/home/user/GeometryLabs/icon-tracker-frontend/src/components/ContractsPage/ContractDetailPage/ContractTabs/ContractInternalTransactions.js": {"lines":{"total":1,"covered":0,"skipped":0,"pct":0},"functions":{"total":1,"covered":0,"skipped":0,"pct":0},"statements":{"total":1,"covered":0,"skipped":0,"pct":0},"branches":{"total":0,"covered":0,"skipped":0,"pct":100}}
,"/home/user/GeometryLabs/icon-tracker-frontend/src/components/ContractsPage/ContractDetailPage/ContractTabs/ContractRead.js": {"lines":{"total":65,"covered":4,"skipped":0,"pct":6.15},"functions":{"total":18,"covered":0,"skipped":0,"pct":0},"statements":{"total":65,"covered":4,"skipped":0,"pct":6.15},"branches":{"total":23,"covered":0,"skipped":0,"pct":0}}
,"/home/user/GeometryLabs/icon-tracker-frontend/src/components/ContractsPage/ContractDetailPage/ContractTabs/ContractTokenTransfers.js": {"lines":{"total":1,"covered":0,"skipped":0,"pct":0},"functions":{"total":1,"covered":0,"skipped":0,"pct":0},"statements":{"total":1,"covered":0,"skipped":0,"pct":0},"branches":{"total":0,"covered":0,"skipped":0,"pct":100}}
,"/home/user/GeometryLabs/icon-tracker-frontend/src/components/ContractsPage/ContractDetailPage/ContractTabs/ContractTransactions.js": {"lines":{"total":1,"covered":0,"skipped":0,"pct":0},"functions":{"total":1,"covered":0,"skipped":0,"pct":0},"statements":{"total":1,"covered":0,"skipped":0,"pct":0},"branches":{"total":0,"covered":0,"skipped":0,"pct":100}}
,"/home/user/GeometryLabs/icon-tracker-frontend/src/components/ContractsPage/ContractDetailPage/ContractTabs/index.js": {"lines":{"total":16,"covered":0,"skipped":0,"pct":0},"functions":{"total":6,"covered":0,"skipped":0,"pct":0},"statements":{"total":16,"covered":0,"skipped":0,"pct":0},"branches":{"total":7,"covered":0,"skipped":0,"pct":0}}
,"/home/user/GeometryLabs/icon-tracker-frontend/src/components/ContractsPage/ContractListPage/index.js": {"lines":{"total":1,"covered":0,"skipped":0,"pct":0},"functions":{"total":1,"covered":0,"skipped":0,"pct":0},"statements":{"total":1,"covered":0,"skipped":0,"pct":0},"branches":{"total":0,"covered":0,"skipped":0,"pct":100}}
,"/home/user/GeometryLabs/icon-tracker-frontend/src/components/Footer/Footer.js": {"lines":{"total":5,"covered":4,"skipped":0,"pct":80},"functions":{"total":5,"covered":3,"skipped":0,"pct":60},"statements":{"total":6,"covered":4,"skipped":0,"pct":66.67},"branches":{"total":2,"covered":2,"skipped":0,"pct":100}}
,"/home/user/GeometryLabs/icon-tracker-frontend/src/components/GovernancePage/index.js": {"lines":{"total":103,"covered":0,"skipped":0,"pct":0},"functions":{"total":30,"covered":0,"skipped":0,"pct":0},"statements":{"total":107,"covered":0,"skipped":0,"pct":0},"branches":{"total":143,"covered":0,"skipped":0,"pct":0}}
,"/home/user/GeometryLabs/icon-tracker-frontend/src/components/Header/Connect.js": {"lines":{"total":23,"covered":6,"skipped":0,"pct":26.09},"functions":{"total":10,"covered":3,"skipped":0,"pct":30},"statements":{"total":23,"covered":6,"skipped":0,"pct":26.09},"branches":{"total":13,"covered":3,"skipped":0,"pct":23.08}}
,"/home/user/GeometryLabs/icon-tracker-frontend/src/components/Header/Header.js": {"lines":{"total":7,"covered":1,"skipped":0,"pct":14.29},"functions":{"total":7,"covered":1,"skipped":0,"pct":14.29},"statements":{"total":7,"covered":1,"skipped":0,"pct":14.29},"branches":{"total":0,"covered":0,"skipped":0,"pct":100}}
,"/home/user/GeometryLabs/icon-tracker-frontend/src/components/Header/SearchBox.js": {"lines":{"total":8,"covered":3,"skipped":0,"pct":37.5},"functions":{"total":5,"covered":3,"skipped":0,"pct":60},"statements":{"total":8,"covered":3,"skipped":0,"pct":37.5},"branches":{"total":2,"covered":0,"skipped":0,"pct":0}}
,"/home/user/GeometryLabs/icon-tracker-frontend/src/components/MainPage/InfoChart.js": {"lines":{"total":31,"covered":0,"skipped":0,"pct":0},"functions":{"total":7,"covered":0,"skipped":0,"pct":0},"statements":{"total":32,"covered":0,"skipped":0,"pct":0},"branches":{"total":12,"covered":0,"skipped":0,"pct":0}}
,"/home/user/GeometryLabs/icon-tracker-frontend/src/components/MainPage/InfoSummary.js": {"lines":{"total":16,"covered":12,"skipped":0,"pct":75},"functions":{"total":3,"covered":3,"skipped":0,"pct":100},"statements":{"total":16,"covered":12,"skipped":0,"pct":75},"branches":{"total":6,"covered":3,"skipped":0,"pct":50}}
,"/home/user/GeometryLabs/icon-tracker-frontend/src/components/MainPage/MainPage.js": {"lines":{"total":18,"covered":7,"skipped":0,"pct":38.89},"functions":{"total":11,"covered":4,"skipped":0,"pct":36.36},"statements":{"total":18,"covered":7,"skipped":0,"pct":38.89},"branches":{"total":8,"covered":3,"skipped":0,"pct":37.5}}
,"/home/user/GeometryLabs/icon-tracker-frontend/src/components/MainPage/RecentBlocks.js": {"lines":{"total":45,"covered":8,"skipped":0,"pct":17.78},"functions":{"total":9,"covered":3,"skipped":0,"pct":33.33},"statements":{"total":45,"covered":8,"skipped":0,"pct":17.78},"branches":{"total":38,"covered":15,"skipped":0,"pct":39.47}}
,"/home/user/GeometryLabs/icon-tracker-frontend/src/components/MainPage/RecentTransactions.js": {"lines":{"total":27,"covered":8,"skipped":0,"pct":29.63},"functions":{"total":7,"covered":3,"skipped":0,"pct":42.86},"statements":{"total":27,"covered":8,"skipped":0,"pct":29.63},"branches":{"total":30,"covered":12,"skipped":0,"pct":40}}
,"/home/user/GeometryLabs/icon-tracker-frontend/src/components/Popup/AddressQrCode.js": {"lines":{"total":3,"covered":0,"skipped":0,"pct":0},"functions":{"total":1,"covered":0,"skipped":0,"pct":0},"statements":{"total":3,"covered":0,"skipped":0,"pct":0},"branches":{"total":0,"covered":0,"skipped":0,"pct":100}}
,"/home/user/GeometryLabs/icon-tracker-frontend/src/components/Popup/ContractDetail.js": {"lines":{"total":9,"covered":0,"skipped":0,"pct":0},"functions":{"total":1,"covered":0,"skipped":0,"pct":0},"statements":{"total":9,"covered":0,"skipped":0,"pct":0},"branches":{"total":12,"covered":0,"skipped":0,"pct":0}}
,"/home/user/GeometryLabs/icon-tracker-frontend/src/components/Popup/Scam.js": {"lines":{"total":36,"covered":0,"skipped":0,"pct":0},"functions":{"total":17,"covered":0,"skipped":0,"pct":0},"statements":{"total":36,"covered":0,"skipped":0,"pct":0},"branches":{"total":36,"covered":0,"skipped":0,"pct":0}}
,"/home/user/GeometryLabs/icon-tracker-frontend/src/components/Popup/Search.js": {"lines":{"total":16,"covered":1,"skipped":0,"pct":6.25},"functions":{"total":8,"covered":0,"skipped":0,"pct":0},"statements":{"total":16,"covered":1,"skipped":0,"pct":6.25},"branches":{"total":12,"covered":0,"skipped":0,"pct":0}}
,"/home/user/GeometryLabs/icon-tracker-frontend/src/components/Popup/index.js": {"lines":{"total":54,"covered":12,"skipped":0,"pct":22.22},"functions":{"total":15,"covered":3,"skipped":0,"pct":20},"statements":{"total":54,"covered":12,"skipped":0,"pct":22.22},"branches":{"total":30,"covered":8,"skipped":0,"pct":26.67}}
,"/home/user/GeometryLabs/icon-tracker-frontend/src/components/ProposalDetailPage/index.js": {"lines":{"total":65,"covered":0,"skipped":0,"pct":0},"functions":{"total":23,"covered":0,"skipped":0,"pct":0},"statements":{"total":69,"covered":0,"skipped":0,"pct":0},"branches":{"total":72,"covered":0,"skipped":0,"pct":0}}
,"/home/user/GeometryLabs/icon-tracker-frontend/src/components/ProposalListPage/index.js": {"lines":{"total":17,"covered":0,"skipped":0,"pct":0},"functions":{"total":4,"covered":0,"skipped":0,"pct":0},"statements":{"total":17,"covered":0,"skipped":0,"pct":0},"branches":{"total":26,"covered":0,"skipped":0,"pct":0}}
,"/home/user/GeometryLabs/icon-tracker-frontend/src/components/TokensPage/TokenDetailPage/TokenSummary.js": {"lines":{"total":9,"covered":0,"skipped":0,"pct":0},"functions":{"total":2,"covered":0,"skipped":0,"pct":0},"statements":{"total":9,"covered":0,"skipped":0,"pct":0},"branches":{"total":8,"covered":0,"skipped":0,"pct":0}}
,"/home/user/GeometryLabs/icon-tracker-frontend/src/components/TokensPage/TokenDetailPage/index.js": {"lines":{"total":7,"covered":0,"skipped":0,"pct":0},"functions":{"total":5,"covered":0,"skipped":0,"pct":0},"statements":{"total":7,"covered":0,"skipped":0,"pct":0},"branches":{"total":0,"covered":0,"skipped":0,"pct":100}}
,"/home/user/GeometryLabs/icon-tracker-frontend/src/components/TokensPage/TokenDetailPage/TokenTabs/TokenContractRead.js": {"lines":{"total":1,"covered":0,"skipped":0,"pct":0},"functions":{"total":1,"covered":0,"skipped":0,"pct":0},"statements":{"total":1,"covered":0,"skipped":0,"pct":0},"branches":{"total":0,"covered":0,"skipped":0,"pct":100}}
,"/home/user/GeometryLabs/icon-tracker-frontend/src/components/TokensPage/TokenDetailPage/TokenTabs/TokenHolders.js": {"lines":{"total":1,"covered":0,"skipped":0,"pct":0},"functions":{"total":1,"covered":0,"skipped":0,"pct":0},"statements":{"total":1,"covered":0,"skipped":0,"pct":0},"branches":{"total":0,"covered":0,"skipped":0,"pct":100}}
,"/home/user/GeometryLabs/icon-tracker-frontend/src/components/TokensPage/TokenDetailPage/TokenTabs/TokenTransfers.js": {"lines":{"total":1,"covered":0,"skipped":0,"pct":0},"functions":{"total":1,"covered":0,"skipped":0,"pct":0},"statements":{"total":1,"covered":0,"skipped":0,"pct":0},"branches":{"total":0,"covered":0,"skipped":0,"pct":100}}
,"/home/user/GeometryLabs/icon-tracker-frontend/src/components/TokensPage/TokenDetailPage/TokenTabs/index.js": {"lines":{"total":11,"covered":0,"skipped":0,"pct":0},"functions":{"total":4,"covered":0,"skipped":0,"pct":0},"statements":{"total":11,"covered":0,"skipped":0,"pct":0},"branches":{"total":4,"covered":0,"skipped":0,"pct":0}}
,"/home/user/GeometryLabs/icon-tracker-frontend/src/components/TokensPage/TokenListPage/index.js": {"lines":{"total":1,"covered":0,"skipped":0,"pct":0},"functions":{"total":1,"covered":0,"skipped":0,"pct":0},"statements":{"total":1,"covered":0,"skipped":0,"pct":0},"branches":{"total":0,"covered":0,"skipped":0,"pct":100}}
,"/home/user/GeometryLabs/icon-tracker-frontend/src/components/TransactionsPage/TransactionDetailPage/TransactionInfo.js": {"lines":{"total":116,"covered":2,"skipped":0,"pct":1.72},"functions":{"total":33,"covered":0,"skipped":0,"pct":0},"statements":{"total":116,"covered":2,"skipped":0,"pct":1.72},"branches":{"total":112,"covered":0,"skipped":0,"pct":0}}
,"/home/user/GeometryLabs/icon-tracker-frontend/src/components/TransactionsPage/TransactionDetailPage/index.js": {"lines":{"total":6,"covered":0,"skipped":0,"pct":0},"functions":{"total":4,"covered":0,"skipped":0,"pct":0},"statements":{"total":6,"covered":0,"skipped":0,"pct":0},"branches":{"total":0,"covered":0,"skipped":0,"pct":100}}
,"/home/user/GeometryLabs/icon-tracker-frontend/src/components/TransactionsPage/TransactionDetailPage/TransactionTabs/TransactionEvents.js": {"lines":{"total":1,"covered":0,"skipped":0,"pct":0},"functions":{"total":1,"covered":0,"skipped":0,"pct":0},"statements":{"total":1,"covered":0,"skipped":0,"pct":0},"branches":{"total":0,"covered":0,"skipped":0,"pct":100}}
,"/home/user/GeometryLabs/icon-tracker-frontend/src/components/TransactionsPage/TransactionDetailPage/TransactionTabs/TransactionInternalTransactions.js": {"lines":{"total":1,"covered":0,"skipped":0,"pct":0},"functions":{"total":1,"covered":0,"skipped":0,"pct":0},"statements":{"total":1,"covered":0,"skipped":0,"pct":0},"branches":{"total":0,"covered":0,"skipped":0,"pct":100}}
,"/home/user/GeometryLabs/icon-tracker-frontend/src/components/TransactionsPage/TransactionDetailPage/TransactionTabs/index.js": {"lines":{"total":20,"covered":0,"skipped":0,"pct":0},"functions":{"total":4,"covered":0,"skipped":0,"pct":0},"statements":{"total":20,"covered":0,"skipped":0,"pct":0},"branches":{"total":16,"covered":0,"skipped":0,"pct":0}}
,"/home/user/GeometryLabs/icon-tracker-frontend/src/components/TransactionsPage/TransactionListPage/index.js": {"lines":{"total":1,"covered":0,"skipped":0,"pct":0},"functions":{"total":1,"covered":0,"skipped":0,"pct":0},"statements":{"total":1,"covered":0,"skipped":0,"pct":0},"branches":{"total":0,"covered":0,"skipped":0,"pct":100}}
,"/home/user/GeometryLabs/icon-tracker-frontend/src/containers/index.js": {"lines":{"total":0,"covered":0,"skipped":0,"pct":100},"functions":{"total":0,"covered":0,"skipped":0,"pct":100},"statements":{"total":0,"covered":0,"skipped":0,"pct":100},"branches":{"total":0,"covered":0,"skipped":0,"pct":100}}
,"/home/user/GeometryLabs/icon-tracker-frontend/src/containers/AddressesPage/AddressDetailPageContainer.js": {"lines":{"total":12,"covered":1,"skipped":0,"pct":8.33},"functions":{"total":11,"covered":0,"skipped":0,"pct":0},"statements":{"total":12,"covered":1,"skipped":0,"pct":8.33},"branches":{"total":0,"covered":0,"skipped":0,"pct":100}}
,"/home/user/GeometryLabs/icon-tracker-frontend/src/containers/AddressesPage/AddressListPageContainer.js": {"lines":{"total":3,"covered":0,"skipped":0,"pct":0},"functions":{"total":3,"covered":0,"skipped":0,"pct":0},"statements":{"total":3,"covered":0,"skipped":0,"pct":0},"branches":{"total":0,"covered":0,"skipped":0,"pct":100}}
,"/home/user/GeometryLabs/icon-tracker-frontend/src/containers/BlocksPage/BlockDetailPageContainer.js": {"lines":{"total":5,"covered":1,"skipped":0,"pct":20},"functions":{"total":4,"covered":0,"skipped":0,"pct":0},"statements":{"total":5,"covered":1,"skipped":0,"pct":20},"branches":{"total":0,"covered":0,"skipped":0,"pct":100}}
,"/home/user/GeometryLabs/icon-tracker-frontend/src/containers/BlocksPage/BlockListPageContainer.js": {"lines":{"total":3,"covered":0,"skipped":0,"pct":0},"functions":{"total":3,"covered":0,"skipped":0,"pct":0},"statements":{"total":3,"covered":0,"skipped":0,"pct":0},"branches":{"total":0,"covered":0,"skipped":0,"pct":100}}
,"/home/user/GeometryLabs/icon-tracker-frontend/src/containers/CommonPage/HeaderContainer.js": {"lines":{"total":6,"covered":3,"skipped":0,"pct":50},"functions":{"total":5,"covered":2,"skipped":0,"pct":40},"statements":{"total":6,"covered":3,"skipped":0,"pct":50},"branches":{"total":0,"covered":0,"skipped":0,"pct":100}}
,"/home/user/GeometryLabs/icon-tracker-frontend/src/containers/CommonPage/NotFoundPageContainer.js": {"lines":{"total":4,"covered":1,"skipped":0,"pct":25},"functions":{"total":3,"covered":0,"skipped":0,"pct":0},"statements":{"total":4,"covered":1,"skipped":0,"pct":25},"branches":{"total":0,"covered":0,"skipped":0,"pct":100}}
,"/home/user/GeometryLabs/icon-tracker-frontend/src/containers/CommonPage/TxPageContainer.js": {"lines":{"total":21,"covered":1,"skipped":0,"pct":4.76},"functions":{"total":20,"covered":0,"skipped":0,"pct":0},"statements":{"total":21,"covered":1,"skipped":0,"pct":4.76},"branches":{"total":0,"covered":0,"skipped":0,"pct":100}}
,"/home/user/GeometryLabs/icon-tracker-frontend/src/containers/ContractsPage/ContractDetailPageContainer.js": {"lines":{"total":12,"covered":1,"skipped":0,"pct":8.33},"functions":{"total":11,"covered":0,"skipped":0,"pct":0},"statements":{"total":12,"covered":1,"skipped":0,"pct":8.33},"branches":{"total":0,"covered":0,"skipped":0,"pct":100}}
,"/home/user/GeometryLabs/icon-tracker-frontend/src/containers/ContractsPage/ContractListPageContainer.js": {"lines":{"total":4,"covered":0,"skipped":0,"pct":0},"functions":{"total":4,"covered":0,"skipped":0,"pct":0},"statements":{"total":4,"covered":0,"skipped":0,"pct":0},"branches":{"total":0,"covered":0,"skipped":0,"pct":100}}
,"/home/user/GeometryLabs/icon-tracker-frontend/src/containers/GovernancePage/GovernancePageContainer.js": {"lines":{"total":3,"covered":0,"skipped":0,"pct":0},"functions":{"total":3,"covered":0,"skipped":0,"pct":0},"statements":{"total":3,"covered":0,"skipped":0,"pct":0},"branches":{"total":0,"covered":0,"skipped":0,"pct":100}}
,"/home/user/GeometryLabs/icon-tracker-frontend/src/containers/MainPage/MainPageContainer.js": {"lines":{"total":5,"covered":4,"skipped":0,"pct":80},"functions":{"total":4,"covered":3,"skipped":0,"pct":75},"statements":{"total":5,"covered":4,"skipped":0,"pct":80},"branches":{"total":0,"covered":0,"skipped":0,"pct":100}}
,"/home/user/GeometryLabs/icon-tracker-frontend/src/containers/ProposalDetailPage/ProposalDetailPageContainer.js": {"lines":{"total":3,"covered":0,"skipped":0,"pct":0},"functions":{"total":3,"covered":0,"skipped":0,"pct":0},"statements":{"total":3,"covered":0,"skipped":0,"pct":0},"branches":{"total":0,"covered":0,"skipped":0,"pct":100}}
,"/home/user/GeometryLabs/icon-tracker-frontend/src/containers/ProposalListPage/ProposalListPageContainer.js": {"lines":{"total":3,"covered":0,"skipped":0,"pct":0},"functions":{"total":3,"covered":0,"skipped":0,"pct":0},"statements":{"total":3,"covered":0,"skipped":0,"pct":0},"branches":{"total":0,"covered":0,"skipped":0,"pct":100}}
,"/home/user/GeometryLabs/icon-tracker-frontend/src/containers/TokensPage/TokenDetailPageContainer.js": {"lines":{"total":8,"covered":1,"skipped":0,"pct":12.5},"functions":{"total":7,"covered":0,"skipped":0,"pct":0},"statements":{"total":8,"covered":1,"skipped":0,"pct":12.5},"branches":{"total":0,"covered":0,"skipped":0,"pct":100}}
,"/home/user/GeometryLabs/icon-tracker-frontend/src/containers/TokensPage/TokenListPageContainer.js": {"lines":{"total":4,"covered":0,"skipped":0,"pct":0},"functions":{"total":4,"covered":0,"skipped":0,"pct":0},"statements":{"total":4,"covered":0,"skipped":0,"pct":0},"branches":{"total":0,"covered":0,"skipped":0,"pct":100}}
,"/home/user/GeometryLabs/icon-tracker-frontend/src/containers/TransactionsPage/TransactionDetailPageContainer.js": {"lines":{"total":6,"covered":1,"skipped":0,"pct":16.67},"functions":{"total":5,"covered":0,"skipped":0,"pct":0},"statements":{"total":6,"covered":1,"skipped":0,"pct":16.67},"branches":{"total":0,"covered":0,"skipped":0,"pct":100}}
,"/home/user/GeometryLabs/icon-tracker-frontend/src/containers/TransactionsPage/TransactionListPageContainer.js": {"lines":{"total":3,"covered":0,"skipped":0,"pct":0},"functions":{"total":3,"covered":0,"skipped":0,"pct":0},"statements":{"total":3,"covered":0,"skipped":0,"pct":0},"branches":{"total":0,"covered":0,"skipped":0,"pct":100}}
,"/home/user/GeometryLabs/icon-tracker-frontend/src/pages/AddressDetailPage.js": {"lines":{"total":1,"covered":0,"skipped":0,"pct":0},"functions":{"total":1,"covered":0,"skipped":0,"pct":0},"statements":{"total":1,"covered":0,"skipped":0,"pct":0},"branches":{"total":0,"covered":0,"skipped":0,"pct":100}}
,"/home/user/GeometryLabs/icon-tracker-frontend/src/pages/AddressListPage.js": {"lines":{"total":1,"covered":0,"skipped":0,"pct":0},"functions":{"total":1,"covered":0,"skipped":0,"pct":0},"statements":{"total":1,"covered":0,"skipped":0,"pct":0},"branches":{"total":0,"covered":0,"skipped":0,"pct":100}}
,"/home/user/GeometryLabs/icon-tracker-frontend/src/pages/BlockDetailPage.js": {"lines":{"total":1,"covered":0,"skipped":0,"pct":0},"functions":{"total":1,"covered":0,"skipped":0,"pct":0},"statements":{"total":1,"covered":0,"skipped":0,"pct":0},"branches":{"total":0,"covered":0,"skipped":0,"pct":100}}
,"/home/user/GeometryLabs/icon-tracker-frontend/src/pages/BlockListPage.js": {"lines":{"total":1,"covered":0,"skipped":0,"pct":0},"functions":{"total":1,"covered":0,"skipped":0,"pct":0},"statements":{"total":1,"covered":0,"skipped":0,"pct":0},"branches":{"total":0,"covered":0,"skipped":0,"pct":100}}
,"/home/user/GeometryLabs/icon-tracker-frontend/src/pages/ContractDetailPage.js": {"lines":{"total":1,"covered":0,"skipped":0,"pct":0},"functions":{"total":1,"covered":0,"skipped":0,"pct":0},"statements":{"total":1,"covered":0,"skipped":0,"pct":0},"branches":{"total":0,"covered":0,"skipped":0,"pct":100}}
,"/home/user/GeometryLabs/icon-tracker-frontend/src/pages/ContractListPage.js": {"lines":{"total":1,"covered":0,"skipped":0,"pct":0},"functions":{"total":1,"covered":0,"skipped":0,"pct":0},"statements":{"total":1,"covered":0,"skipped":0,"pct":0},"branches":{"total":0,"covered":0,"skipped":0,"pct":100}}
,"/home/user/GeometryLabs/icon-tracker-frontend/src/pages/GovernancePage.js": {"lines":{"total":1,"covered":0,"skipped":0,"pct":0},"functions":{"total":1,"covered":0,"skipped":0,"pct":0},"statements":{"total":1,"covered":0,"skipped":0,"pct":0},"branches":{"total":0,"covered":0,"skipped":0,"pct":100}}
,"/home/user/GeometryLabs/icon-tracker-frontend/src/pages/MainPage.js": {"lines":{"total":1,"covered":1,"skipped":0,"pct":100},"functions":{"total":1,"covered":1,"skipped":0,"pct":100},"statements":{"total":1,"covered":1,"skipped":0,"pct":100},"branches":{"total":0,"covered":0,"skipped":0,"pct":100}}
,"/home/user/GeometryLabs/icon-tracker-frontend/src/pages/NotFoundPage.js": {"lines":{"total":1,"covered":0,"skipped":0,"pct":0},"functions":{"total":1,"covered":0,"skipped":0,"pct":0},"statements":{"total":1,"covered":0,"skipped":0,"pct":0},"branches":{"total":0,"covered":0,"skipped":0,"pct":100}}
,"/home/user/GeometryLabs/icon-tracker-frontend/src/pages/ProposalDetailPage.js": {"lines":{"total":1,"covered":0,"skipped":0,"pct":0},"functions":{"total":1,"covered":0,"skipped":0,"pct":0},"statements":{"total":1,"covered":0,"skipped":0,"pct":0},"branches":{"total":0,"covered":0,"skipped":0,"pct":100}}
,"/home/user/GeometryLabs/icon-tracker-frontend/src/pages/ProposalListPage.js": {"lines":{"total":1,"covered":0,"skipped":0,"pct":0},"functions":{"total":1,"covered":0,"skipped":0,"pct":0},"statements":{"total":1,"covered":0,"skipped":0,"pct":0},"branches":{"total":0,"covered":0,"skipped":0,"pct":100}}
,"/home/user/GeometryLabs/icon-tracker-frontend/src/pages/TokenDetailPage.js": {"lines":{"total":1,"covered":0,"skipped":0,"pct":0},"functions":{"total":1,"covered":0,"skipped":0,"pct":0},"statements":{"total":1,"covered":0,"skipped":0,"pct":0},"branches":{"total":0,"covered":0,"skipped":0,"pct":100}}
,"/home/user/GeometryLabs/icon-tracker-frontend/src/pages/TokenListPage.js": {"lines":{"total":1,"covered":0,"skipped":0,"pct":0},"functions":{"total":1,"covered":0,"skipped":0,"pct":0},"statements":{"total":1,"covered":0,"skipped":0,"pct":0},"branches":{"total":0,"covered":0,"skipped":0,"pct":100}}
,"/home/user/GeometryLabs/icon-tracker-frontend/src/pages/TransactionDetailPage.js": {"lines":{"total":1,"covered":0,"skipped":0,"pct":0},"functions":{"total":1,"covered":0,"skipped":0,"pct":0},"statements":{"total":1,"covered":0,"skipped":0,"pct":0},"branches":{"total":0,"covered":0,"skipped":0,"pct":100}}
,"/home/user/GeometryLabs/icon-tracker-frontend/src/pages/TransactionListPage.js": {"lines":{"total":1,"covered":0,"skipped":0,"pct":0},"functions":{"total":1,"covered":0,"skipped":0,"pct":0},"statements":{"total":1,"covered":0,"skipped":0,"pct":0},"branches":{"total":0,"covered":0,"skipped":0,"pct":100}}
,"/home/user/GeometryLabs/icon-tracker-frontend/src/pages/TxPage.js": {"lines":{"total":1,"covered":0,"skipped":0,"pct":0},"functions":{"total":1,"covered":0,"skipped":0,"pct":0},"statements":{"total":1,"covered":0,"skipped":0,"pct":0},"branches":{"total":0,"covered":0,"skipped":0,"pct":100}}
,"/home/user/GeometryLabs/icon-tracker-frontend/src/redux/actionTypes/actionTypes.js": {"lines":{"total":1,"covered":1,"skipped":0,"pct":100},"functions":{"total":0,"covered":0,"skipped":0,"pct":100},"statements":{"total":1,"covered":1,"skipped":0,"pct":100},"branches":{"total":0,"covered":0,"skipped":0,"pct":100}}
,"/home/user/GeometryLabs/icon-tracker-frontend/src/redux/actions/mainPageActions.js": {"lines":{"total":3,"covered":0,"skipped":0,"pct":0},"functions":{"total":2,"covered":0,"skipped":0,"pct":0},"statements":{"total":3,"covered":0,"skipped":0,"pct":0},"branches":{"total":0,"covered":0,"skipped":0,"pct":100}}
,"/home/user/GeometryLabs/icon-tracker-frontend/src/redux/actions/reportAction.js": {"lines":{"total":1,"covered":0,"skipped":0,"pct":0},"functions":{"total":1,"covered":0,"skipped":0,"pct":0},"statements":{"total":1,"covered":0,"skipped":0,"pct":0},"branches":{"total":0,"covered":0,"skipped":0,"pct":100}}
,"/home/user/GeometryLabs/icon-tracker-frontend/src/redux/actions/storageActions.js": {"lines":{"total":4,"covered":0,"skipped":0,"pct":0},"functions":{"total":4,"covered":0,"skipped":0,"pct":0},"statements":{"total":4,"covered":0,"skipped":0,"pct":0},"branches":{"total":0,"covered":0,"skipped":0,"pct":100}}
,"/home/user/GeometryLabs/icon-tracker-frontend/src/redux/actions/tokensActions.js": {"lines":{"total":6,"covered":0,"skipped":0,"pct":0},"functions":{"total":6,"covered":0,"skipped":0,"pct":0},"statements":{"total":6,"covered":0,"skipped":0,"pct":0},"branches":{"total":0,"covered":0,"skipped":0,"pct":100}}
,"/home/user/GeometryLabs/icon-tracker-frontend/src/redux/api/restV3/config.js": {"lines":{"total":44,"covered":5,"skipped":0,"pct":11.36},"functions":{"total":6,"covered":4,"skipped":0,"pct":66.67},"statements":{"total":44,"covered":5,"skipped":0,"pct":11.36},"branches":{"total":45,"covered":0,"skipped":0,"pct":0}}
,"/home/user/GeometryLabs/icon-tracker-frontend/src/redux/api/restV3/icx.js": {"lines":{"total":40,"covered":0,"skipped":0,"pct":0},"functions":{"total":11,"covered":0,"skipped":0,"pct":0},"statements":{"total":40,"covered":0,"skipped":0,"pct":0},"branches":{"total":4,"covered":0,"skipped":0,"pct":0}}
,"/home/user/GeometryLabs/icon-tracker-frontend/src/redux/api/restV3/index.js": {"lines":{"total":0,"covered":0,"skipped":0,"pct":100},"functions":{"total":0,"covered":0,"skipped":0,"pct":100},"statements":{"total":0,"covered":0,"skipped":0,"pct":100},"branches":{"total":0,"covered":0,"skipped":0,"pct":100}}
,"/home/user/GeometryLabs/icon-tracker-frontend/src/redux/api/restV3/main.js": {"lines":{"total":15,"covered":0,"skipped":0,"pct":0},"functions":{"total":12,"covered":0,"skipped":0,"pct":0},"statements":{"total":15,"covered":0,"skipped":0,"pct":0},"branches":{"total":0,"covered":0,"skipped":0,"pct":100}}
,"/home/user/GeometryLabs/icon-tracker-frontend/src/redux/api/restV3/notification.js": {"lines":{"total":10,"covered":0,"skipped":0,"pct":0},"functions":{"total":8,"covered":0,"skipped":0,"pct":0},"statements":{"total":10,"covered":0,"skipped":0,"pct":0},"branches":{"total":0,"covered":0,"skipped":0,"pct":100}}
,"/home/user/GeometryLabs/icon-tracker-frontend/src/redux/api/restV3/report.js": {"lines":{"total":17,"covered":0,"skipped":0,"pct":0},"functions":{"total":5,"covered":0,"skipped":0,"pct":0},"statements":{"total":17,"covered":0,"skipped":0,"pct":0},"branches":{"total":10,"covered":0,"skipped":0,"pct":0}}
,"/home/user/GeometryLabs/icon-tracker-frontend/src/redux/api/restV3/token.js": {"lines":{"total":21,"covered":0,"skipped":0,"pct":0},"functions":{"total":17,"covered":0,"skipped":0,"pct":0},"statements":{"total":21,"covered":0,"skipped":0,"pct":0},"branches":{"total":0,"covered":0,"skipped":0,"pct":100}}
,"/home/user/GeometryLabs/icon-tracker-frontend/src/redux/reducers/mainPageReducer.js": {"lines":{"total":9,"covered":3,"skipped":0,"pct":33.33},"functions":{"total":1,"covered":1,"skipped":0,"pct":100},"statements":{"total":9,"covered":3,"skipped":0,"pct":33.33},"branches":{"total":10,"covered":2,"skipped":0,"pct":20}}
,"/home/user/GeometryLabs/icon-tracker-frontend/src/redux/reducers/proposalReducer.js": {"lines":{"total":15,"covered":0,"skipped":0,"pct":0},"functions":{"total":1,"covered":0,"skipped":0,"pct":0},"statements":{"total":15,"covered":0,"skipped":0,"pct":0},"branches":{"total":11,"covered":0,"skipped":0,"pct":0}}
,"/home/user/GeometryLabs/icon-tracker-frontend/src/redux/reducers/rootReducer.js": {"lines":{"total":1,"covered":1,"skipped":0,"pct":100},"functions":{"total":0,"covered":0,"skipped":0,"pct":100},"statements":{"total":1,"covered":1,"skipped":0,"pct":100},"branches":{"total":0,"covered":0,"skipped":0,"pct":100}}
,"/home/user/GeometryLabs/icon-tracker-frontend/src/redux/reducers/storageReducer.js": {"lines":{"total":7,"covered":3,"skipped":0,"pct":42.86},"functions":{"total":1,"covered":1,"skipped":0,"pct":100},"statements":{"total":7,"covered":3,"skipped":0,"pct":42.86},"branches":{"total":6,"covered":2,"skipped":0,"pct":33.33}}
,"/home/user/GeometryLabs/icon-tracker-frontend/src/redux/reducers/tokensReducer.js": {"lines":{"total":21,"covered":3,"skipped":0,"pct":14.29},"functions":{"total":1,"covered":1,"skipped":0,"pct":100},"statements":{"total":21,"covered":3,"skipped":0,"pct":14.29},"branches":{"total":20,"covered":2,"skipped":0,"pct":10}}
,"/home/user/GeometryLabs/icon-tracker-frontend/src/redux/store/addresses.js": {"lines":{"total":73,"covered":4,"skipped":0,"pct":5.48},"functions":{"total":33,"covered":1,"skipped":0,"pct":3.03},"statements":{"total":73,"covered":4,"skipped":0,"pct":5.48},"branches":{"total":28,"covered":2,"skipped":0,"pct":7.14}}
,"/home/user/GeometryLabs/icon-tracker-frontend/src/redux/store/blocks.js": {"lines":{"total":35,"covered":4,"skipped":0,"pct":11.43},"functions":{"total":16,"covered":1,"skipped":0,"pct":6.25},"statements":{"total":35,"covered":4,"skipped":0,"pct":11.43},"branches":{"total":13,"covered":2,"skipped":0,"pct":15.38}}
,"/home/user/GeometryLabs/icon-tracker-frontend/src/redux/store/contracts.js": {"lines":{"total":86,"covered":4,"skipped":0,"pct":4.65},"functions":{"total":41,"covered":1,"skipped":0,"pct":2.44},"statements":{"total":86,"covered":4,"skipped":0,"pct":4.65},"branches":{"total":35,"covered":2,"skipped":0,"pct":5.71}}
,"/home/user/GeometryLabs/icon-tracker-frontend/src/redux/store/iiss.js": {"lines":{"total":166,"covered":7,"skipped":0,"pct":4.22},"functions":{"total":77,"covered":2,"skipped":0,"pct":2.6},"statements":{"total":170,"covered":7,"skipped":0,"pct":4.12},"branches":{"total":36,"covered":0,"skipped":0,"pct":0}}
,"/home/user/GeometryLabs/icon-tracker-frontend/src/redux/store/popups.js": {"lines":{"total":7,"covered":3,"skipped":0,"pct":42.86},"functions":{"total":3,"covered":1,"skipped":0,"pct":33.33},"statements":{"total":7,"covered":3,"skipped":0,"pct":42.86},"branches":{"total":4,"covered":2,"skipped":0,"pct":50}}
,"/home/user/GeometryLabs/icon-tracker-frontend/src/redux/store/search.js": {"lines":{"total":9,"covered":3,"skipped":0,"pct":33.33},"functions":{"total":3,"covered":1,"skipped":0,"pct":33.33},"statements":{"total":9,"covered":3,"skipped":0,"pct":33.33},"branches":{"total":6,"covered":2,"skipped":0,"pct":33.33}}
,"/home/user/GeometryLabs/icon-tracker-frontend/src/redux/store/store.js": {"lines":{"total":8,"covered":8,"skipped":0,"pct":100},"functions":{"total":2,"covered":2,"skipped":0,"pct":100},"statements":{"total":8,"covered":8,"skipped":0,"pct":100},"branches":{"total":0,"covered":0,"skipped":0,"pct":100}}
,"/home/user/GeometryLabs/icon-tracker-frontend/src/redux/store/transactions.js": {"lines":{"total":39,"covered":6,"skipped":0,"pct":15.38},"functions":{"total":21,"covered":3,"skipped":0,"pct":14.29},"statements":{"total":39,"covered":6,"skipped":0,"pct":15.38},"branches":{"total":14,"covered":3,"skipped":0,"pct":21.43}}
,"/home/user/GeometryLabs/icon-tracker-frontend/src/redux/store/sagas/addressesSaga.js": {"lines":{"total":119,"covered":16,"skipped":0,"pct":13.45},"functions":{"total":20,"covered":9,"skipped":0,"pct":45},"statements":{"total":121,"covered":16,"skipped":0,"pct":13.22},"branches":{"total":44,"covered":0,"skipped":0,"pct":0}}
,"/home/user/GeometryLabs/icon-tracker-frontend/src/redux/store/sagas/blocksSaga.js": {"lines":{"total":30,"covered":6,"skipped":0,"pct":20},"functions":{"total":7,"covered":4,"skipped":0,"pct":57.14},"statements":{"total":30,"covered":6,"skipped":0,"pct":20},"branches":{"total":10,"covered":0,"skipped":0,"pct":0}}
,"/home/user/GeometryLabs/icon-tracker-frontend/src/redux/store/sagas/contractsSaga.js": {"lines":{"total":150,"covered":24,"skipped":0,"pct":16},"functions":{"total":29,"covered":13,"skipped":0,"pct":44.83},"statements":{"total":152,"covered":24,"skipped":0,"pct":15.79},"branches":{"total":54,"covered":0,"skipped":0,"pct":0}}
,"/home/user/GeometryLabs/icon-tracker-frontend/src/redux/store/sagas/mainPageSaga.js": {"lines":{"total":12,"covered":4,"skipped":0,"pct":33.33},"functions":{"total":5,"covered":3,"skipped":0,"pct":60},"statements":{"total":12,"covered":4,"skipped":0,"pct":33.33},"branches":{"total":0,"covered":0,"skipped":0,"pct":100}}
,"/home/user/GeometryLabs/icon-tracker-frontend/src/redux/store/sagas/reportSaga.js": {"lines":{"total":9,"covered":2,"skipped":0,"pct":22.22},"functions":{"total":3,"covered":2,"skipped":0,"pct":66.67},"statements":{"total":9,"covered":2,"skipped":0,"pct":22.22},"branches":{"total":2,"covered":0,"skipped":0,"pct":0}}
,"/home/user/GeometryLabs/icon-tracker-frontend/src/redux/store/sagas/rootSaga.js": {"lines":{"total":1,"covered":1,"skipped":0,"pct":100},"functions":{"total":1,"covered":1,"skipped":0,"pct":100},"statements":{"total":1,"covered":1,"skipped":0,"pct":100},"branches":{"total":0,"covered":0,"skipped":0,"pct":100}}
,"/home/user/GeometryLabs/icon-tracker-frontend/src/redux/store/sagas/searchSaga.js": {"lines":{"total":21,"covered":2,"skipped":0,"pct":9.52},"functions":{"total":3,"covered":2,"skipped":0,"pct":66.67},"statements":{"total":21,"covered":2,"skipped":0,"pct":9.52},"branches":{"total":12,"covered":0,"skipped":0,"pct":0}}
,"/home/user/GeometryLabs/icon-tracker-frontend/src/redux/store/sagas/tokensSaga.js": {"lines":{"total":63,"covered":12,"skipped":0,"pct":19.05},"functions":{"total":13,"covered":7,"skipped":0,"pct":53.85},"statements":{"total":63,"covered":12,"skipped":0,"pct":19.05},"branches":{"total":24,"covered":0,"skipped":0,"pct":0}}
,"/home/user/GeometryLabs/icon-tracker-frontend/src/redux/store/sagas/transactionsSaga.js": {"lines":{"total":64,"covered":12,"skipped":0,"pct":18.75},"functions":{"total":9,"covered":6,"skipped":0,"pct":66.67},"statements":{"total":64,"covered":12,"skipped":0,"pct":18.75},"branches":{"total":24,"covered":1,"skipped":0,"pct":4.17}}
,"/home/user/GeometryLabs/icon-tracker-frontend/src/redux/store/sagas/walletSaga.js": {"lines":{"total":18,"covered":6,"skipped":0,"pct":33.33},"functions":{"total":7,"covered":4,"skipped":0,"pct":57.14},"statements":{"total":18,"covered":6,"skipped":0,"pct":33.33},"branches":{"total":2,"covered":0,"skipped":0,"pct":0}}
,"/home/user/GeometryLabs/icon-tracker-frontend/src/style/js/commonFx.js": {"lines":{"total":79,"covered":0,"skipped":0,"pct":0},"functions":{"total":26,"covered":0,"skipped":0,"pct":0},"statements":{"total":79,"covered":0,"skipped":0,"pct":0},"branches":{"total":20,"covered":0,"skipped":0,"pct":0}}
,"/home/user/GeometryLabs/icon-tracker-frontend/src/style/js/jquery-1.11.3.min.js": {"lines":{"total":3,"covered":0,"skipped":0,"pct":0},"functions":{"total":593,"covered":0,"skipped":0,"pct":0},"statements":{"total":1957,"covered":0,"skipped":0,"pct":0},"branches":{"total":3595,"covered":0,"skipped":0,"pct":0}}
,"/home/user/GeometryLabs/icon-tracker-frontend/src/style/js/jquery.accordionFx - 복사본.js": {"lines":{"total":30,"covered":0,"skipped":0,"pct":0},"functions":{"total":7,"covered":0,"skipped":0,"pct":0},"statements":{"total":30,"covered":0,"skipped":0,"pct":0},"branches":{"total":8,"covered":0,"skipped":0,"pct":0}}
,"/home/user/GeometryLabs/icon-tracker-frontend/src/style/js/jquery.accordionFx.min.js": {"lines":{"total":1,"covered":0,"skipped":0,"pct":0},"functions":{"total":4,"covered":0,"skipped":0,"pct":0},"statements":{"total":15,"covered":0,"skipped":0,"pct":0},"branches":{"total":10,"covered":0,"skipped":0,"pct":0}}
,"/home/user/GeometryLabs/icon-tracker-frontend/src/style/js/jquery.easing.1.3.js": {"lines":{"total":65,"covered":0,"skipped":0,"pct":0},"functions":{"total":31,"covered":0,"skipped":0,"pct":0},"statements":{"total":106,"covered":0,"skipped":0,"pct":0},"branches":{"total":62,"covered":0,"skipped":0,"pct":0}}
,"/home/user/GeometryLabs/icon-tracker-frontend/src/style/js/mainFx.js": {"lines":{"total":7,"covered":0,"skipped":0,"pct":0},"functions":{"total":5,"covered":0,"skipped":0,"pct":0},"statements":{"total":7,"covered":0,"skipped":0,"pct":0},"branches":{"total":0,"covered":0,"skipped":0,"pct":100}}
,"/home/user/GeometryLabs/icon-tracker-frontend/src/utils/connect.js": {"lines":{"total":16,"covered":0,"skipped":0,"pct":0},"functions":{"total":6,"covered":0,"skipped":0,"pct":0},"statements":{"total":16,"covered":0,"skipped":0,"pct":0},"branches":{"total":4,"covered":0,"skipped":0,"pct":0}}
,"/home/user/GeometryLabs/icon-tracker-frontend/src/utils/const.js": {"lines":{"total":31,"covered":31,"skipped":0,"pct":100},"functions":{"total":0,"covered":0,"skipped":0,"pct":100},"statements":{"total":31,"covered":31,"skipped":0,"pct":100},"branches":{"total":0,"covered":0,"skipped":0,"pct":100}}
,"/home/user/GeometryLabs/icon-tracker-frontend/src/utils/score.js": {"lines":{"total":10,"covered":0,"skipped":0,"pct":0},"functions":{"total":1,"covered":0,"skipped":0,"pct":0},"statements":{"total":10,"covered":0,"skipped":0,"pct":0},"branches":{"total":4,"covered":0,"skipped":0,"pct":0}}
,"/home/user/GeometryLabs/icon-tracker-frontend/src/utils/utils.js": {"lines":{"total":291,"covered":13,"skipped":0,"pct":4.47},"functions":{"total":55,"covered":4,"skipped":0,"pct":7.27},"statements":{"total":308,"covered":13,"skipped":0,"pct":4.22},"branches":{"total":238,"covered":6,"skipped":0,"pct":2.52}}
,"/home/user/GeometryLabs/icon-tracker-frontend/src/utils/NotificationManager/index.js": {"lines":{"total":39,"covered":7,"skipped":0,"pct":17.95},"functions":{"total":6,"covered":2,"skipped":0,"pct":33.33},"statements":{"total":41,"covered":8,"skipped":0,"pct":19.51},"branches":{"total":10,"covered":1,"skipped":0,"pct":10}}
,"/home/user/GeometryLabs/icon-tracker-frontend/src/workers/converter.js": {"lines":{"total":10,"covered":0,"skipped":0,"pct":0},"functions":{"total":1,"covered":0,"skipped":0,"pct":0},"statements":{"total":11,"covered":0,"skipped":0,"pct":0},"branches":{"total":4,"covered":0,"skipped":0,"pct":0}}
}
